C51 COMPILER V9.50a   UART1                                                                05/17/2019 08:50:53 PAGE 1   


C51 COMPILER V9.50a, COMPILATION OF MODULE UART1
OBJECT MODULE PLACED IN .\Objects\uart1.obj
COMPILER INVOKED BY: D:\KEIL4\C51\BIN\C51.EXE src\uart1.c BROWSE DEBUG OBJECTEXTEND PRINT(.\Listings\uart1.lst) TABS(2) 
                    -OBJECT(.\Objects\uart1.obj)

line level    source

   1          /*
   2           * Copyright        : shendong MCU studio
   3           * File Description : UART1 driver
   4           * Created          : by oliverzhang@shendongmcu.com
   5           */
   6          
   7          #include "global.h"
   8          
   9          void uart1_Initialization(void)
  10          {
  11   1        //__enable_xfr();
  12   1        //P3PU |= 0x02u;
  13   1        //__disable_xfr();
  14   1        /*Default setting: Timer2 as baud rate generator for UART1.  */
  15   1        T2L = (65536ul - 4);
  16   1        T2H = (65536ul - 4) >> 8;/*22118400/12/4/115200 = 4 */
  17   1        AUXR |= 0x11u; /*Start timer2. Timer2 as timer. 12T mode.*/
  18   1        SCON = 0x50u;/*UART1 at mode 1:8-N-1 115200 , Enable Receiver.*/
  19   1        //ES = 1; /*Enable UART1 interrupt.*/
  20   1      }
  21          
  22          /*implemented for printf() */
  23          char putchar(char c)  
  24          {
  25   1        SBUF = c;
  26   1        while (TI == 0);
  27   1        TI = 0;
  28   1        return c;
  29   1      }


MODULE INFORMATION:   STATIC OVERLAYABLE
   CODE SIZE        =     21    ----
   CONSTANT SIZE    =   ----    ----
   XDATA SIZE       =   ----    ----
   PDATA SIZE       =   ----    ----
   DATA SIZE        =   ----    ----
   IDATA SIZE       =   ----    ----
   BIT SIZE         =   ----    ----
END OF MODULE INFORMATION.


C51 COMPILATION COMPLETE.  0 WARNING(S),  0 ERROR(S)
