C51 COMPILER V9.50a   LED                                                                  05/17/2019 16:38:38 PAGE 1   


C51 COMPILER V9.50a, COMPILATION OF MODULE LED
OBJECT MODULE PLACED IN .\Objects\led.obj
COMPILER INVOKED BY: D:\KEIL4\C51\BIN\C51.EXE src\led.c BROWSE DEBUG OBJECTEXTEND PRINT(.\Listings\led.lst) TABS(2) OBJE
                    -CT(.\Objects\led.obj)

line level    source

   1          /*
   2           * Copyright        : Shendong MCU studio
   3           * File Description : LED Driver.
   4           * Created          : by oliverzhang@shendongmcu.com
   5           */
   6          
   7          #include "global.h"
   8          sbit LED_RUN = P4^2;
   9          
  10          void led_Initialization(void)
  11          {
  12   1        LED_RUN = 0;
  13   1      }
  14          
  15          void led_TurnOn(unsigned char on)
  16          {
  17   1        if(on)
  18   1        {   
  19   2          LED_RUN = 0;
  20   2        }
  21   1        else 
  22   1        {
  23   2          LED_RUN = 1;
  24   2        }
  25   1      }
  26          
  27          static struct _led_mode_param_s_ {
  28            unsigned int on_span; 
  29            unsigned int off_span;
  30            unsigned char mode_changed;
  31          } idata g_led_param = {500,500,0};  
  32            
  33          void led_SetFlashMode(unsigned char mode)
  34          {
  35   1        static unsigned char idata old_mode = 0xff;
  36   1        struct _led_mode_param_s_ idata *p = &g_led_param;
  37   1        if(mode == 0)
  38   1        {
  39   2          p->on_span = 500;
  40   2          p->off_span = 500;
  41   2        }
  42   1        else if(mode == 1)
  43   1        {
  44   2          p->on_span = 200;
  45   2          p->off_span = 2800;
  46   2        }
  47   1        else if(mode == 2)
  48   1        {
  49   2          p->on_span = 200;
  50   2          p->off_span = 800;
  51   2        }
  52   1        else 
  53   1        {
  54   2          printf("error param.\r\n");
C51 COMPILER V9.50a   LED                                                                  05/17/2019 16:38:38 PAGE 2   

  55   2          return;
  56   2        }
  57   1        if(old_mode != mode)
  58   1        {
  59   2          old_mode = mode;
  60   2          p->mode_changed = 1;
  61   2        }
  62   1      }
  63          
  64          void led_Task(void)
  65          {
  66   1        static unsigned long idata oldticks;
  67   1        static unsigned char idata state;
  68   1        unsigned long ticks;
  69   1        struct _led_mode_param_s_ idata *p = &g_led_param;
  70   1      
  71   1        if(p->mode_changed)
  72   1        {
  73   2          state = 0;
  74   2          p->mode_changed = 0;
  75   2        }
  76   1        ticks = time_GetTicks();
  77   1        switch (state)
  78   1        {
  79   2        case 0:
  80   2          led_TurnOn(1);
  81   2          oldticks = ticks;
  82   2          state = 1;
  83   2          break;
  84   2        case 1:
  85   2          if (ticks - oldticks < p->on_span) break;
  86   2          oldticks = ticks;
  87   2          led_TurnOn(0);
  88   2          state = 2;
  89   2          break;
  90   2        case 2:
  91   2          if (ticks - oldticks < p->off_span) break;
  92   2          led_TurnOn(1);
  93   2          oldticks = ticks;
  94   2          state = 1;
  95   2          break;
  96   2        default:
  97   2          break;
  98   2        }
  99   1      }


MODULE INFORMATION:   STATIC OVERLAYABLE
   CODE SIZE        =    310    ----
   CONSTANT SIZE    =     15    ----
   XDATA SIZE       =   ----    ----
   PDATA SIZE       =   ----    ----
   DATA SIZE        =   ----       7
   IDATA SIZE       =     11    ----
   BIT SIZE         =   ----    ----
END OF MODULE INFORMATION.


C51 COMPILATION COMPLETE.  0 WARNING(S),  0 ERROR(S)
