C51 COMPILER V9.50a   MAIN                                                                 05/17/2019 16:38:38 PAGE 1   


C51 COMPILER V9.50a, COMPILATION OF MODULE MAIN
OBJECT MODULE PLACED IN .\Objects\main.obj
COMPILER INVOKED BY: D:\KEIL4\C51\BIN\C51.EXE src\main.c BROWSE DEBUG OBJECTEXTEND PRINT(.\Listings\main.lst) TABS(2) OB
                    -JECT(.\Objects\main.obj)

line level    source

   1          /*
   2           * Copyright        : Shendong mcu studio
   3           * File Description : Main Cotntrol Loop.
   4           * Created          : by oliverzhang@shendongmcu.com
   5           */
   6          
   7          #include "global.h"
   8          
   9          extern void ProcessKey(void);
  10          
  11          static void InitSTC8A(void)
  12          {
  13   1        P0M1 = 0x00;
  14   1        P0M0 = 0x00;
  15   1        P1M1 = 0x00;
  16   1        P1M0 = 0x00;
  17   1        P2M1 = 0x00;
  18   1        P2M0 = 0x00;
  19   1        P3M1 = 0x00;
  20   1        P3M0 = 0x00;
  21   1        P4M1 = 0x00;
  22   1        P4M0 = 0x00;
  23   1        P5M1 = 0x00;
  24   1        P5M0 = 0x00;
  25   1        P6M1 = 0x00;
  26   1        P6M0 = 0x00;
  27   1        P7M1 = 0x00;
  28   1        P7M0 = 0x00;
  29   1      }
  30          
  31          void main(void)
  32          {
  33   1        InitSTC8A();
  34   1        time_HoggingDelayMs(1000);
  35   1        time_HoggingDelayUs(1);
  36   1        time_Initialization();
  37   1        led_Initialization();
  38   1        key_Initialization();
  39   1        ir_Initialization();
  40   1        uart1_Initialization();
  41   1        printf("Hello world.\r\n");
  42   1        rtc_Initialization();
  43   1        m25p80_Initialization();
  44   1      
  45   1        EA = 1;
  46   1        for(;;)
  47   1        {
  48   2          tick_Task();
  49   2          ir_Task();
  50   2          led_Task();
  51   2          key_Task();
  52   2          ProcessKey();
  53   2          ProcessKey();
  54   2          console_Task();
C51 COMPILER V9.50a   MAIN                                                                 05/17/2019 16:38:38 PAGE 2   

  55   2        }
  56   1      }


MODULE INFORMATION:   STATIC OVERLAYABLE
   CODE SIZE        =    106    ----
   CONSTANT SIZE    =     15    ----
   XDATA SIZE       =   ----    ----
   PDATA SIZE       =   ----    ----
   DATA SIZE        =   ----    ----
   IDATA SIZE       =   ----    ----
   BIT SIZE         =   ----    ----
END OF MODULE INFORMATION.


C51 COMPILATION COMPLETE.  0 WARNING(S),  0 ERROR(S)
